<?xml version="1.0" encoding="UTF-8"?>
<!-- Generated by org.testng.reporters.JUnitReportReporter -->
<testsuite skipped="0" hostname="hp" name="TestAutoation.ValidateEditCompanyInfo" tests="1" failures="0" timestamp="2019-12-29T16:38:20 CET" time="6.917" errors="0">
  <testcase name="editCompanyInfo" time="6.917" classname="TestAutoation.ValidateEditCompanyInfo"/>
</testsuite> <!-- TestAutoation.ValidateEditCompanyInfo -->
