<?xml version="1.0" encoding="UTF-8"?>
<!-- Generated by org.testng.reporters.JUnitReportReporter -->
<testsuite skipped="0" hostname="hp" name="TestAutoation.LoginTest" tests="1" failures="0" timestamp="2019-12-25T13:23:07 CET" time="17.796" errors="0">
  <testcase name="loginIbulum" time="17.796" classname="TestAutoation.LoginTest"/>
</testsuite> <!-- TestAutoation.LoginTest -->
