<?xml version="1.0" encoding="UTF-8"?>
<!-- Generated by org.testng.reporters.JUnitReportReporter -->
<testsuite skipped="0" hostname="hp" name="TestAutoation.ShayaLoginTest" tests="1" failures="0" timestamp="2019-12-25T00:50:16 CET" time="2.656" errors="0">
  <testcase name="shayaLogIn" time="2.656" classname="TestAutoation.ShayaLoginTest"/>
</testsuite> <!-- TestAutoation.ShayaLoginTest -->
