<?xml version="1.0" encoding="UTF-8"?>
<!-- Generated by org.testng.reporters.JUnitReportReporter -->
<testsuite skipped="0" hostname="hp" name="TestAutoation.HomePage" tests="2" failures="0" timestamp="2019-12-29T16:38:20 CET" time="7.173" errors="0">
  <testcase name="LoginIbulum" time="4.526" classname="TestAutoation.HomePage"/>
  <testcase name="LoginIbulum" time="2.647" classname="TestAutoation.HomePage"/>
</testsuite> <!-- TestAutoation.HomePage -->
