<?xml version="1.0" encoding="UTF-8"?>
<!-- Generated by org.testng.reporters.JUnitReportReporter -->
<testsuite skipped="0" hostname="hp" name="TestAutoation.ValidateEditCompanyInfo" tests="1" failures="0" timestamp="29 Dec 2019 15:42:34 GMT" time="6.903" errors="0">
  <testcase name="editCompanyInfo" time="6.903" classname="TestAutoation.ValidateEditCompanyInfo"/>
</testsuite> <!-- TestAutoation.ValidateEditCompanyInfo -->
