<?xml version="1.0" encoding="UTF-8"?>
<!-- Generated by org.testng.reporters.JUnitReportReporter -->
<testsuite skipped="0" hostname="hp" name="TestAutoation.HomePage" tests="2" failures="0" timestamp="29 Dec 2019 15:42:34 GMT" time="6.951" errors="0">
  <testcase name="LoginIbulum" time="2.154" classname="TestAutoation.HomePage"/>
  <testcase name="LoginIbulum" time="4.797" classname="TestAutoation.HomePage"/>
</testsuite> <!-- TestAutoation.HomePage -->
